line profiling: sample.interval=20000
#File 1: 
#File 2: R//forest.r
"get_shared_keys" "[.data.table" 1#6 "[" 1#6 "add_prop" 2#46 "impute_forest" 2#310 "is.data.table" 2#310 "inference_forest" ".External2" "%>%" 
"gc" 1#53 "add_prop" 2#46 "impute_forest" 2#310 "is.data.table" 2#310 "inference_forest" ".External2" "%>%" 
"gc" 1#53 "add_prop" 2#46 "impute_forest" 2#310 "is.data.table" 2#310 "inference_forest" ".External2" "%>%" 
"gc" 1#53 "add_prop" 2#46 "impute_forest" 2#310 "is.data.table" 2#310 "inference_forest" ".External2" "%>%" 
"gc" 1#53 "add_prop" 2#46 "impute_forest" 2#310 "is.data.table" 2#310 "inference_forest" ".External2" "%>%" 
"gc" 1#53 "add_prop" 2#46 "impute_forest" 2#310 "is.data.table" 2#310 "inference_forest" ".External2" "%>%" 
"gc" 1#53 "add_prop" 2#46 "impute_forest" 2#310 "is.data.table" 2#310 "inference_forest" ".External2" "%>%" 
"gc" 1#53 "add_prop" 2#46 "impute_forest" 2#310 "is.data.table" 2#310 "inference_forest" ".External2" "%>%" 
"gc" 1#53 "add_prop" 2#46 "impute_forest" 2#310 "is.data.table" 2#310 "inference_forest" ".External2" "%>%" 
"gc" 1#64 "add_prop" 2#46 "impute_forest" 2#310 "is.data.table" 2#310 "inference_forest" ".External2" "%>%" 
"gc" 1#64 "add_prop" 2#46 "impute_forest" 2#310 "is.data.table" 2#310 "inference_forest" ".External2" "%>%" 
"gc" 1#64 "add_prop" 2#46 "impute_forest" 2#310 "is.data.table" 2#310 "inference_forest" ".External2" "%>%" 
"gc" 1#64 "add_prop" 2#46 "impute_forest" 2#310 "is.data.table" 2#310 "inference_forest" ".External2" "%>%" 
"gc" 1#64 "add_prop" 2#46 "impute_forest" 2#310 "is.data.table" 2#310 "inference_forest" ".External2" "%>%" 
"xgb.iter.update" "xgb.train" 1#77 "add_prop" 2#46 "impute_forest" 2#310 "is.data.table" 2#310 "inference_forest" ".External2" "%>%" 
"mcfork" "FUN" "lapply" "mclapply" 2#136 "forest" 2#50 "impute_forest" 2#310 "is.data.table" 2#310 "inference_forest" ".External2" "%>%" 
"mcfork" "FUN" "lapply" "mclapply" 2#136 "forest" 2#50 "impute_forest" 2#310 "is.data.table" 2#310 "inference_forest" ".External2" "%>%" 
"mcfork" "FUN" "lapply" "mclapply" 2#136 "forest" 2#50 "impute_forest" 2#310 "is.data.table" 2#310 "inference_forest" ".External2" "%>%" 
"mcfork" "FUN" "lapply" "mclapply" 2#136 "forest" 2#50 "impute_forest" 2#310 "is.data.table" 2#310 "inference_forest" ".External2" "%>%" 
"mcfork" "FUN" "lapply" "mclapply" 2#136 "forest" 2#50 "impute_forest" 2#310 "is.data.table" 2#310 "inference_forest" ".External2" "%>%" 
"mcfork" "FUN" "lapply" "mclapply" 2#136 "forest" 2#50 "impute_forest" 2#310 "is.data.table" 2#310 "inference_forest" ".External2" "%>%" 
"mcfork" "FUN" "lapply" "mclapply" 2#136 "forest" 2#50 "impute_forest" 2#310 "is.data.table" 2#310 "inference_forest" ".External2" "%>%" 
"mcfork" "FUN" "lapply" "mclapply" 2#136 "forest" 2#50 "impute_forest" 2#310 "is.data.table" 2#310 "inference_forest" ".External2" "%>%" 
"mcfork" "FUN" "lapply" "mclapply" 2#136 "forest" 2#50 "impute_forest" 2#310 "is.data.table" 2#310 "inference_forest" ".External2" "%>%" 
"readChild" "mclapply" 2#136 "forest" 2#50 "impute_forest" 2#310 "is.data.table" 2#310 "inference_forest" ".External2" "%>%" 
"unserialize" "mclapply" 2#136 "forest" 2#50 "impute_forest" 2#310 "is.data.table" 2#310 "inference_forest" ".External2" "%>%" 
"unserialize" "mclapply" 2#136 "forest" 2#50 "impute_forest" 2#310 "is.data.table" 2#310 "inference_forest" ".External2" "%>%" 
"unserialize" "mclapply" 2#136 "forest" 2#50 "impute_forest" 2#310 "is.data.table" 2#310 "inference_forest" ".External2" "%>%" 
"unserialize" "mclapply" 2#136 "forest" 2#50 "impute_forest" 2#310 "is.data.table" 2#310 "inference_forest" ".External2" "%>%" 
"unserialize" "mclapply" 2#136 "forest" 2#50 "impute_forest" 2#310 "is.data.table" 2#310 "inference_forest" ".External2" "%>%" 
"unserialize" "mclapply" 2#136 "forest" 2#50 "impute_forest" 2#310 "is.data.table" 2#310 "inference_forest" ".External2" "%>%" 
"unserialize" "mclapply" 2#136 "forest" 2#50 "impute_forest" 2#310 "is.data.table" 2#310 "inference_forest" ".External2" "%>%" 
"unserialize" "mclapply" 2#136 "forest" 2#50 "impute_forest" 2#310 "is.data.table" 2#310 "inference_forest" ".External2" "%>%" 
"unserialize" "mclapply" 2#136 "forest" 2#50 "impute_forest" 2#310 "is.data.table" 2#310 "inference_forest" ".External2" "%>%" 
"unserialize" "mclapply" 2#136 "forest" 2#50 "impute_forest" 2#310 "is.data.table" 2#310 "inference_forest" ".External2" "%>%" 
"unserialize" "mclapply" 2#136 "forest" 2#50 "impute_forest" 2#310 "is.data.table" 2#310 "inference_forest" ".External2" "%>%" 
"unserialize" "mclapply" 2#136 "forest" 2#50 "impute_forest" 2#310 "is.data.table" 2#310 "inference_forest" ".External2" "%>%" 
"unserialize" "mclapply" 2#136 "forest" 2#50 "impute_forest" 2#310 "is.data.table" 2#310 "inference_forest" ".External2" "%>%" 
"unserialize" "mclapply" 2#136 "forest" 2#50 "impute_forest" 2#310 "is.data.table" 2#310 "inference_forest" ".External2" "%>%" 
"unserialize" "mclapply" 2#136 "forest" 2#50 "impute_forest" 2#310 "is.data.table" 2#310 "inference_forest" ".External2" "%>%" 
"unserialize" "mclapply" 2#136 "forest" 2#50 "impute_forest" 2#310 "is.data.table" 2#310 "inference_forest" ".External2" "%>%" 
"unserialize" "mclapply" 2#136 "forest" 2#50 "impute_forest" 2#310 "is.data.table" 2#310 "inference_forest" ".External2" "%>%" 
"readChild" "mclapply" 2#136 "forest" 2#50 "impute_forest" 2#310 "is.data.table" 2#310 "inference_forest" ".External2" "%>%" 
"unserialize" "mclapply" 2#136 "forest" 2#50 "impute_forest" 2#310 "is.data.table" 2#310 "inference_forest" ".External2" "%>%" 
"unserialize" "mclapply" 2#136 "forest" 2#50 "impute_forest" 2#310 "is.data.table" 2#310 "inference_forest" ".External2" "%>%" 
"unserialize" "mclapply" 2#136 "forest" 2#50 "impute_forest" 2#310 "is.data.table" 2#310 "inference_forest" ".External2" "%>%" 
"unserialize" "mclapply" 2#136 "forest" 2#50 "impute_forest" 2#310 "is.data.table" 2#310 "inference_forest" ".External2" "%>%" 
"unserialize" "mclapply" 2#136 "forest" 2#50 "impute_forest" 2#310 "is.data.table" 2#310 "inference_forest" ".External2" "%>%" 
"unserialize" "mclapply" 2#136 "forest" 2#50 "impute_forest" 2#310 "is.data.table" 2#310 "inference_forest" ".External2" "%>%" 
"unserialize" "mclapply" 2#136 "forest" 2#50 "impute_forest" 2#310 "is.data.table" 2#310 "inference_forest" ".External2" "%>%" 
"unserialize" "mclapply" 2#136 "forest" 2#50 "impute_forest" 2#310 "is.data.table" 2#310 "inference_forest" ".External2" "%>%" 
"unserialize" "mclapply" 2#136 "forest" 2#50 "impute_forest" 2#310 "is.data.table" 2#310 "inference_forest" ".External2" "%>%" 
"unserialize" "mclapply" 2#136 "forest" 2#50 "impute_forest" 2#310 "is.data.table" 2#310 "inference_forest" ".External2" "%>%" 
"unserialize" "mclapply" 2#136 "forest" 2#50 "impute_forest" 2#310 "is.data.table" 2#310 "inference_forest" ".External2" "%>%" 
"unserialize" "mclapply" 2#136 "forest" 2#50 "impute_forest" 2#310 "is.data.table" 2#310 "inference_forest" ".External2" "%>%" 
"unserialize" "mclapply" 2#136 "forest" 2#50 "impute_forest" 2#310 "is.data.table" 2#310 "inference_forest" ".External2" "%>%" 
"unserialize" "mclapply" 2#136 "forest" 2#50 "impute_forest" 2#310 "is.data.table" 2#310 "inference_forest" ".External2" "%>%" 
"unserialize" "mclapply" 2#136 "forest" 2#50 "impute_forest" 2#310 "is.data.table" 2#310 "inference_forest" ".External2" "%>%" 
"unserialize" "mclapply" 2#136 "forest" 2#50 "impute_forest" 2#310 "is.data.table" 2#310 "inference_forest" ".External2" "%>%" 
"unserialize" "mclapply" 2#136 "forest" 2#50 "impute_forest" 2#310 "is.data.table" 2#310 "inference_forest" ".External2" "%>%" 
"readChild" "mclapply" 2#136 "forest" 2#50 "impute_forest" 2#310 "is.data.table" 2#310 "inference_forest" ".External2" "%>%" 
"readChild" "mclapply" 2#136 "forest" 2#50 "impute_forest" 2#310 "is.data.table" 2#310 "inference_forest" ".External2" "%>%" 
"readChild" "mclapply" 2#136 "forest" 2#50 "impute_forest" 2#310 "is.data.table" 2#310 "inference_forest" ".External2" "%>%" 
"readChild" "mclapply" 2#136 "forest" 2#50 "impute_forest" 2#310 "is.data.table" 2#310 "inference_forest" ".External2" "%>%" 
"readChild" "mclapply" 2#136 "forest" 2#50 "impute_forest" 2#310 "is.data.table" 2#310 "inference_forest" ".External2" "%>%" 
"readChild" "mclapply" 2#136 "forest" 2#50 "impute_forest" 2#310 "is.data.table" 2#310 "inference_forest" ".External2" "%>%" 
"unserialize" "mclapply" 2#136 "forest" 2#50 "impute_forest" 2#310 "is.data.table" 2#310 "inference_forest" ".External2" "%>%" 
"unserialize" "mclapply" 2#136 "forest" 2#50 "impute_forest" 2#310 "is.data.table" 2#310 "inference_forest" ".External2" "%>%" 
"unserialize" "mclapply" 2#136 "forest" 2#50 "impute_forest" 2#310 "is.data.table" 2#310 "inference_forest" ".External2" "%>%" 
"unserialize" "mclapply" 2#136 "forest" 2#50 "impute_forest" 2#310 "is.data.table" 2#310 "inference_forest" ".External2" "%>%" 
"unserialize" "mclapply" 2#136 "forest" 2#50 "impute_forest" 2#310 "is.data.table" 2#310 "inference_forest" ".External2" "%>%" 
"unserialize" "mclapply" 2#136 "forest" 2#50 "impute_forest" 2#310 "is.data.table" 2#310 "inference_forest" ".External2" "%>%" 
"unserialize" "mclapply" 2#136 "forest" 2#50 "impute_forest" 2#310 "is.data.table" 2#310 "inference_forest" ".External2" "%>%" 
"readChild" "mclapply" 2#136 "forest" 2#50 "impute_forest" 2#310 "is.data.table" 2#310 "inference_forest" ".External2" "%>%" 
"readChild" "mclapply" 2#136 "forest" 2#50 "impute_forest" 2#310 "is.data.table" 2#310 "inference_forest" ".External2" "%>%" 
"readChild" "mclapply" 2#136 "forest" 2#50 "impute_forest" 2#310 "is.data.table" 2#310 "inference_forest" ".External2" "%>%" 
"readChild" "mclapply" 2#136 "forest" 2#50 "impute_forest" 2#310 "is.data.table" 2#310 "inference_forest" ".External2" "%>%" 
"readChild" "mclapply" 2#136 "forest" 2#50 "impute_forest" 2#310 "is.data.table" 2#310 "inference_forest" ".External2" "%>%" 
"readChild" "mclapply" 2#136 "forest" 2#50 "impute_forest" 2#310 "is.data.table" 2#310 "inference_forest" ".External2" "%>%" 
"readChild" "mclapply" 2#136 "forest" 2#50 "impute_forest" 2#310 "is.data.table" 2#310 "inference_forest" ".External2" "%>%" 
"unserialize" "mclapply" 2#136 "forest" 2#50 "impute_forest" 2#310 "is.data.table" 2#310 "inference_forest" ".External2" "%>%" 
"unserialize" "mclapply" 2#136 "forest" 2#50 "impute_forest" 2#310 "is.data.table" 2#310 "inference_forest" ".External2" "%>%" 
"unserialize" "mclapply" 2#136 "forest" 2#50 "impute_forest" 2#310 "is.data.table" 2#310 "inference_forest" ".External2" "%>%" 
"mcfork" "FUN" "lapply" "mclapply" 2#193 "predict_forest" 2#63 "impute_forest" 2#310 "is.data.table" 2#310 "inference_forest" ".External2" "%>%" 
"mcfork" "FUN" "lapply" "mclapply" 2#193 "predict_forest" 2#63 "impute_forest" 2#310 "is.data.table" 2#310 "inference_forest" ".External2" "%>%" 
"mcfork" "FUN" "lapply" "mclapply" 2#193 "predict_forest" 2#63 "impute_forest" 2#310 "is.data.table" 2#310 "inference_forest" ".External2" "%>%" 
"mcfork" "FUN" "lapply" "mclapply" 2#193 "predict_forest" 2#63 "impute_forest" 2#310 "is.data.table" 2#310 "inference_forest" ".External2" "%>%" 
"mcfork" "FUN" "lapply" "mclapply" 2#193 "predict_forest" 2#63 "impute_forest" 2#310 "is.data.table" 2#310 "inference_forest" ".External2" "%>%" 
"mcfork" "FUN" "lapply" "mclapply" 2#193 "predict_forest" 2#63 "impute_forest" 2#310 "is.data.table" 2#310 "inference_forest" ".External2" "%>%" 
"mcfork" "FUN" "lapply" "mclapply" 2#193 "predict_forest" 2#63 "impute_forest" 2#310 "is.data.table" 2#310 "inference_forest" ".External2" "%>%" 
"mcfork" "FUN" "lapply" "mclapply" 2#193 "predict_forest" 2#63 "impute_forest" 2#310 "is.data.table" 2#310 "inference_forest" ".External2" "%>%" 
"unserialize" "mclapply" 2#193 "predict_forest" 2#63 "impute_forest" 2#310 "is.data.table" 2#310 "inference_forest" ".External2" "%>%" 
"unserialize" "mclapply" 2#193 "predict_forest" 2#63 "impute_forest" 2#310 "is.data.table" 2#310 "inference_forest" ".External2" "%>%" 
"unserialize" "mclapply" 2#193 "predict_forest" 2#63 "impute_forest" 2#310 "is.data.table" 2#310 "inference_forest" ".External2" "%>%" 
"unserialize" "mclapply" 2#193 "predict_forest" 2#63 "impute_forest" 2#310 "is.data.table" 2#310 "inference_forest" ".External2" "%>%" 
"readChild" "mclapply" 2#193 "predict_forest" 2#63 "impute_forest" 2#310 "is.data.table" 2#310 "inference_forest" ".External2" "%>%" 
"readChild" "mclapply" 2#193 "predict_forest" 2#63 "impute_forest" 2#310 "is.data.table" 2#310 "inference_forest" ".External2" "%>%" 
"unserialize" "mclapply" 2#193 "predict_forest" 2#63 "impute_forest" 2#310 "is.data.table" 2#310 "inference_forest" ".External2" "%>%" 
"<Anonymous>" "do.call" 2#199 "predict_forest" 2#63 "impute_forest" 2#310 "is.data.table" 2#310 "inference_forest" ".External2" "%>%" 
"mcfork" "FUN" "lapply" "mclapply" 2#333 "inference_forest" ".External2" "%>%" 
"structure" "mcfork" "FUN" "lapply" "mclapply" 2#333 "inference_forest" ".External2" "%>%" 
"mcfork" "FUN" "lapply" "mclapply" 2#333 "inference_forest" ".External2" "%>%" 
"mcfork" "FUN" "lapply" "mclapply" 2#333 "inference_forest" ".External2" "%>%" 
"mcfork" "FUN" "lapply" "mclapply" 2#333 "inference_forest" ".External2" "%>%" 
"mcfork" "FUN" "lapply" "mclapply" 2#333 "inference_forest" ".External2" "%>%" 
"mcfork" "FUN" "lapply" "mclapply" 2#333 "inference_forest" ".External2" "%>%" 
"mcfork" "FUN" "lapply" "mclapply" 2#333 "inference_forest" ".External2" "%>%" 
"mcfork" "FUN" "lapply" "mclapply" 2#333 "inference_forest" ".External2" "%>%" 
"mcfork" "FUN" "lapply" "mclapply" 2#333 "inference_forest" ".External2" "%>%" 
"mcfork" "FUN" "lapply" "mclapply" 2#333 "inference_forest" ".External2" "%>%" 
"unserialize" "mclapply" 2#333 "inference_forest" ".External2" "%>%" 
"unserialize" "mclapply" 2#333 "inference_forest" ".External2" "%>%" 
"unserialize" "mclapply" 2#333 "inference_forest" ".External2" "%>%" 
"unserialize" "mclapply" 2#333 "inference_forest" ".External2" "%>%" 
"set" 2#360 "inference_forest" ".External2" "%>%" 
2#360 "set" 2#360 "inference_forest" ".External2" "%>%" 
"saveRDS" 
"saveRDS" 
"saveRDS" 
"saveRDS" 
"saveRDS" 
"saveRDS" 
"saveRDS" 
"saveRDS" 
"saveRDS" 
"saveRDS" 
"saveRDS" 
"saveRDS" 
"saveRDS" 
"saveRDS" 
"saveRDS" 
"saveRDS" 
"saveRDS" 
"saveRDS" 
"saveRDS" 
"saveRDS" 
